# JRE version: OpenJDK Runtime Environment Temurin-21.0.8+9 (21.0.8+9) (build 21.0.8+9-LTS)
# Java VM: OpenJDK 64-Bit Server VM Temurin-21.0.8+9 (21.0.8+9-LTS, mixed mode, sharing, tiered, compressed oops, compressed class ptrs, parallel gc, windows-amd64)
GC Precious Log:
 CardTable entry size: 512
 CPUs: 16 total, 16 available
 Memory: 32414M
 Large Page Support: Disabled
 NUMA Support: Disabled
 Compressed Oops: Enabled (32-bit)
 Alignments: Space 512K, Generation 512K, Heap 2M
 Heap Min Capacity: 100M
 Heap Initial Capacity: 100M
 Heap Max Capacity: 2G
 Pre-touch: Disabled
 Parallel Workers: 13
Heap:
 PSYoungGen      total 10752K, used 10560K [0x00000000d5580000, 0x00000000d6580000, 0x0000000100000000)
  eden space 10240K, 0% used [0x00000000d5580000,0x00000000d5580000,0x00000000d5f80000)
  from space 1024K, 100% used [0x00000000d6380000,0x00000000d6480000,0x00000000d6480000)
  to   space 1024K, 0% used [0x00000000d6480000,0x00000000d6480000,0x00000000d6580000)
 ParOldGen       total 1307136K, used 1306673K [0x0000000080000000, 0x00000000cfc80000, 0x00000000d5580000)
  object space 1307136K, 99% used [0x0000000080000000,0x00000000cfc0c5a8,0x00000000cfc80000)
 Metaspace       used 69647K, committed 71296K, reserved 1114112K
  class space    used 7111K, committed 7808K, reserved 1048576K
GC Heap History (20 events):
Event: 29.389 GC heap before
{Heap before GC invocations=1978 (full 3):
 PSYoungGen      total 6656K, used 5952K [0x00000000d5580000, 0x00000000d5d80000, 0x0000000100000000)
  eden space 4608K, 100% used [0x00000000d5580000,0x00000000d5a00000,0x00000000d5a00000)
  from space 2048K, 65% used [0x00000000d5b80000,0x00000000d5cd0000,0x00000000d5d80000)
  to   space 1536K, 0% used [0x00000000d5a00000,0x00000000d5a00000,0x00000000d5b80000)
 ParOldGen       total 1226752K, used 1226672K [0x0000000080000000, 0x00000000cae00000, 0x00000000d5580000)
  object space 1226752K, 99% used [0x0000000080000000,0x00000000cadec070,0x00000000cae00000)
 Metaspace       used 68924K, committed 70464K, reserved 1114112K
  class space    used 7028K, committed 7680K, reserved 1048576K
}
Event: 29.391 GC heap after
{Heap after GC invocations=1978 (full 3):
 PSYoungGen      total 6144K, used 1526K [0x00000000d5580000, 0x00000000d6000000, 0x0000000100000000)
  eden space 4608K, 0% used [0x00000000d5580000,0x00000000d5580000,0x00000000d5a00000)
  from space 1536K, 99% used [0x00000000d5a00000,0x00000000d5b7d810,0x00000000d5b80000)
  to   space 3072K, 0% used [0x00000000d5d00000,0x00000000d5d00000,0x00000000d6000000)
 ParOldGen       total 1228288K, used 1227856K [0x0000000080000000, 0x00000000caf80000, 0x00000000d5580000)
  object space 1228288K, 99% used [0x0000000080000000,0x00000000caf14100,0x00000000caf80000)
 Metaspace       used 68924K, committed 70464K, reserved 1114112K
  class space    used 7028K, committed 7680K, reserved 1048576K
}
Event: 29.397 GC heap before
{Heap before GC invocations=1979 (full 3):
 PSYoungGen      total 6144K, used 6134K [0x00000000d5580000, 0x00000000d6000000, 0x0000000100000000)
  eden space 4608K, 100% used [0x00000000d5580000,0x00000000d5a00000,0x00000000d5a00000)
  from space 1536K, 99% used [0x00000000d5a00000,0x00000000d5b7d810,0x00000000d5b80000)
  to   space 3072K, 0% used [0x00000000d5d00000,0x00000000d5d00000,0x00000000d6000000)
 ParOldGen       total 1228288K, used 1227856K [0x0000000080000000, 0x00000000caf80000, 0x00000000d5580000)
  object space 1228288K, 99% used [0x0000000080000000,0x00000000caf14100,0x00000000caf80000)
 Metaspace       used 68924K, committed 70464K, reserved 1114112K
  class space    used 7028K, committed 7680K, reserved 1048576K
}
Event: 29.398 GC heap after
{Heap after GC invocations=1979 (full 3):
 PSYoungGen      total 7680K, used 1664K [0x00000000d5580000, 0x00000000d5f00000, 0x0000000100000000)
  eden space 5632K, 0% used [0x00000000d5580000,0x00000000d5580000,0x00000000d5b00000)
  from space 2048K, 81% used [0x00000000d5d00000,0x00000000d5ea0000,0x00000000d5f00000)
  to   space 2048K, 0% used [0x00000000d5b00000,0x00000000d5b00000,0x00000000d5d00000)
 ParOldGen       total 1229312K, used 1229232K [0x0000000080000000, 0x00000000cb080000, 0x00000000d5580000)
  object space 1229312K, 99% used [0x0000000080000000,0x00000000cb06c358,0x00000000cb080000)
 Metaspace       used 68924K, committed 70464K, reserved 1114112K
  class space    used 7028K, committed 7680K, reserved 1048576K
}
Event: 29.405 GC heap before
{Heap before GC invocations=1980 (full 3):
 PSYoungGen      total 7680K, used 7296K [0x00000000d5580000, 0x00000000d5f00000, 0x0000000100000000)
  eden space 5632K, 100% used [0x00000000d5580000,0x00000000d5b00000,0x00000000d5b00000)
  from space 2048K, 81% used [0x00000000d5d00000,0x00000000d5ea0000,0x00000000d5f00000)
  to   space 2048K, 0% used [0x00000000d5b00000,0x00000000d5b00000,0x00000000d5d00000)
 ParOldGen       total 1229312K, used 1229232K [0x0000000080000000, 0x00000000cb080000, 0x00000000d5580000)
  object space 1229312K, 99% used [0x0000000080000000,0x00000000cb06c358,0x00000000cb080000)
 Metaspace       used 68924K, committed 70464K, reserved 1114112K
  class space    used 7028K, committed 7680K, reserved 1048576K
}
Event: 29.408 GC heap after
{Heap after GC invocations=1980 (full 3):
 PSYoungGen      total 7680K, used 2016K [0x00000000d5580000, 0x00000000d6980000, 0x0000000100000000)
  eden space 5632K, 0% used [0x00000000d5580000,0x00000000d5580000,0x00000000d5b00000)
  from space 2048K, 98% used [0x00000000d5b00000,0x00000000d5cf8398,0x00000000d5d00000)
  to   space 6656K, 0% used [0x00000000d6300000,0x00000000d6300000,0x00000000d6980000)
 ParOldGen       total 1232896K, used 1232862K [0x0000000080000000, 0x00000000cb400000, 0x00000000d5580000)
  object space 1232896K, 99% used [0x0000000080000000,0x00000000cb3f78a0,0x00000000cb400000)
 Metaspace       used 68924K, committed 70464K, reserved 1114112K
  class space    used 7028K, committed 7680K, reserved 1048576K
}
Event: 29.422 GC heap before
{Heap before GC invocations=1981 (full 3):
 PSYoungGen      total 7680K, used 7648K [0x00000000d5580000, 0x00000000d6980000, 0x0000000100000000)
  eden space 5632K, 100% used [0x00000000d5580000,0x00000000d5b00000,0x00000000d5b00000)
  from space 2048K, 98% used [0x00000000d5b00000,0x00000000d5cf8398,0x00000000d5d00000)
  to   space 6656K, 0% used [0x00000000d6300000,0x00000000d6300000,0x00000000d6980000)
 ParOldGen       total 1232896K, used 1232862K [0x0000000080000000, 0x00000000cb400000, 0x00000000d5580000)
  object space 1232896K, 99% used [0x0000000080000000,0x00000000cb3f78a0,0x00000000cb400000)
 Metaspace       used 68924K, committed 70464K, reserved 1114112K
  class space    used 7028K, committed 7680K, reserved 1048576K
}
Event: 29.425 GC heap after
{Heap after GC invocations=1981 (full 3):
 PSYoungGen      total 10240K, used 2793K [0x00000000d5580000, 0x00000000d6600000, 0x0000000100000000)
  eden space 7168K, 0% used [0x00000000d5580000,0x00000000d5580000,0x00000000d5c80000)
  from space 3072K, 90% used [0x00000000d6300000,0x00000000d65ba578,0x00000000d6600000)
  to   space 4096K, 0% used [0x00000000d5e00000,0x00000000d5e00000,0x00000000d6200000)
 ParOldGen       total 1234944K, used 1234844K [0x0000000080000000, 0x00000000cb600000, 0x00000000d5580000)
  object space 1234944K, 99% used [0x0000000080000000,0x00000000cb5e70f8,0x00000000cb600000)
 Metaspace       used 68924K, committed 70464K, reserved 1114112K
  class space    used 7028K, committed 7680K, reserved 1048576K
}
Event: 29.479 GC heap before
{Heap before GC invocations=1982 (full 3):
 PSYoungGen      total 10240K, used 9961K [0x00000000d5580000, 0x00000000d6600000, 0x0000000100000000)
  eden space 7168K, 100% used [0x00000000d5580000,0x00000000d5c80000,0x00000000d5c80000)
  from space 3072K, 90% used [0x00000000d6300000,0x00000000d65ba578,0x00000000d6600000)
  to   space 4096K, 0% used [0x00000000d5e00000,0x00000000d5e00000,0x00000000d6200000)
 ParOldGen       total 1234944K, used 1234844K [0x0000000080000000, 0x00000000cb600000, 0x00000000d5580000)
  object space 1234944K, 99% used [0x0000000080000000,0x00000000cb5e70f8,0x00000000cb600000)
 Metaspace       used 69066K, committed 70592K, reserved 1114112K
  class space    used 7048K, committed 7680K, reserved 1048576K
}
Event: 29.483 GC heap after
{Heap after GC invocations=1982 (full 3):
 PSYoungGen      total 11264K, used 4085K [0x00000000d5580000, 0x00000000d6c80000, 0x0000000100000000)
  eden space 7168K, 0% used [0x00000000d5580000,0x00000000d5580000,0x00000000d5c80000)
  from space 4096K, 99% used [0x00000000d5e00000,0x00000000d61fd6d0,0x00000000d6200000)
  to   space 8192K, 0% used [0x00000000d6480000,0x00000000d6480000,0x00000000d6c80000)
 ParOldGen       total 1238016K, used 1237720K [0x0000000080000000, 0x00000000cb900000, 0x00000000d5580000)
  object space 1238016K, 99% used [0x0000000080000000,0x00000000cb8b63f0,0x00000000cb900000)
 Metaspace       used 69066K, committed 70592K, reserved 1114112K
  class space    used 7048K, committed 7680K, reserved 1048576K
}
Event: 29.487 GC heap before
{Heap before GC invocations=1983 (full 3):
 PSYoungGen      total 11264K, used 11253K [0x00000000d5580000, 0x00000000d6c80000, 0x0000000100000000)
  eden space 7168K, 100% used [0x00000000d5580000,0x00000000d5c80000,0x00000000d5c80000)
  from space 4096K, 99% used [0x00000000d5e00000,0x00000000d61fd6d0,0x00000000d6200000)
  to   space 8192K, 0% used [0x00000000d6480000,0x00000000d6480000,0x00000000d6c80000)
 ParOldGen       total 1238016K, used 1237720K [0x0000000080000000, 0x00000000cb900000, 0x00000000d5580000)
  object space 1238016K, 99% used [0x0000000080000000,0x00000000cb8b63f0,0x00000000cb900000)
 Metaspace       used 69076K, committed 70720K, reserved 1114112K
  class space    used 7048K, committed 7744K, reserved 1048576K
}
Event: 29.491 GC heap after
{Heap after GC invocations=1983 (full 3):
 PSYoungGen      total 15872K, used 6609K [0x00000000d5580000, 0x00000000d6c00000, 0x0000000100000000)
  eden space 8192K, 0% used [0x00000000d5580000,0x00000000d5580000,0x00000000d5d80000)
  from space 7680K, 86% used [0x00000000d6480000,0x00000000d6af4720,0x00000000d6c00000)
  to   space 7168K, 0% used [0x00000000d5d80000,0x00000000d5d80000,0x00000000d6480000)
 ParOldGen       total 1242112K, used 1241784K [0x0000000080000000, 0x00000000cbd00000, 0x00000000d5580000)
  object space 1242112K, 99% used [0x0000000080000000,0x00000000cbcae208,0x00000000cbd00000)
 Metaspace       used 69076K, committed 70720K, reserved 1114112K
  class space    used 7048K, committed 7744K, reserved 1048576K
}
Event: 29.506 GC heap before
{Heap before GC invocations=1984 (full 3):
 PSYoungGen      total 15872K, used 14148K [0x00000000d5580000, 0x00000000d6c00000, 0x0000000100000000)
  eden space 8192K, 92% used [0x00000000d5580000,0x00000000d5cdca90,0x00000000d5d80000)
  from space 7680K, 86% used [0x00000000d6480000,0x00000000d6af4720,0x00000000d6c00000)
  to   space 7168K, 0% used [0x00000000d5d80000,0x00000000d5d80000,0x00000000d6480000)
 ParOldGen       total 1242112K, used 1241784K [0x0000000080000000, 0x00000000cbd00000, 0x00000000d5580000)
  object space 1242112K, 99% used [0x0000000080000000,0x00000000cbcae208,0x00000000cbd00000)
 Metaspace       used 69147K, committed 70784K, reserved 1114112K
  class space    used 7058K, committed 7744K, reserved 1048576K
}
Event: 29.512 GC heap after
{Heap after GC invocations=1984 (full 3):
 PSYoungGen      total 15360K, used 5893K [0x00000000d5580000, 0x00000000d6c80000, 0x0000000100000000)
  eden space 8192K, 0% used [0x00000000d5580000,0x00000000d5580000,0x00000000d5d80000)
  from space 7168K, 82% used [0x00000000d5d80000,0x00000000d63416e0,0x00000000d6480000)
  to   space 6656K, 0% used [0x00000000d6600000,0x00000000d6600000,0x00000000d6c80000)
 ParOldGen       total 1248256K, used 1248216K [0x0000000080000000, 0x00000000cc300000, 0x00000000d5580000)
  object space 1248256K, 99% used [0x0000000080000000,0x00000000cc2f6018,0x00000000cc300000)
 Metaspace       used 69147K, committed 70784K, reserved 1114112K
  class space    used 7058K, committed 7744K, reserved 1048576K
}
Event: 29.531 GC heap before
{Heap before GC invocations=1985 (full 3):
 PSYoungGen      total 15360K, used 14085K [0x00000000d5580000, 0x00000000d6c80000, 0x0000000100000000)
  eden space 8192K, 100% used [0x00000000d5580000,0x00000000d5d80000,0x00000000d5d80000)
  from space 7168K, 82% used [0x00000000d5d80000,0x00000000d63416e0,0x00000000d6480000)
  to   space 6656K, 0% used [0x00000000d6600000,0x00000000d6600000,0x00000000d6c80000)
 ParOldGen       total 1248256K, used 1248216K [0x0000000080000000, 0x00000000cc300000, 0x00000000d5580000)
  object space 1248256K, 99% used [0x0000000080000000,0x00000000cc2f6018,0x00000000cc300000)
 Metaspace       used 69226K, committed 70848K, reserved 1114112K
  class space    used 7068K, committed 7744K, reserved 1048576K
}
Event: 29.535 GC heap after
{Heap after GC invocations=1985 (full 3):
 PSYoungGen      total 12288K, used 1673K [0x00000000d5580000, 0x00000000d6800000, 0x0000000100000000)
  eden space 10240K, 0% used [0x00000000d5580000,0x00000000d5580000,0x00000000d5f80000)
  from space 2048K, 81% used [0x00000000d6600000,0x00000000d67a2780,0x00000000d6800000)
  to   space 3584K, 0% used [0x00000000d6100000,0x00000000d6100000,0x00000000d6480000)
 ParOldGen       total 1254400K, used 1253892K [0x0000000080000000, 0x00000000cc900000, 0x00000000d5580000)
  object space 1254400K, 99% used [0x0000000080000000,0x00000000cc881318,0x00000000cc900000)
 Metaspace       used 69226K, committed 70848K, reserved 1114112K
  class space    used 7068K, committed 7744K, reserved 1048576K
}
Event: 29.559 GC heap before
{Heap before GC invocations=1986 (full 3):
 PSYoungGen      total 12288K, used 11291K [0x00000000d5580000, 0x00000000d6800000, 0x0000000100000000)
  eden space 10240K, 93% used [0x00000000d5580000,0x00000000d5ee4640,0x00000000d5f80000)
  from space 2048K, 81% used [0x00000000d6600000,0x00000000d67a2780,0x00000000d6800000)
  to   space 3584K, 0% used [0x00000000d6100000,0x00000000d6100000,0x00000000d6480000)
 ParOldGen       total 1254400K, used 1253892K [0x0000000080000000, 0x00000000cc900000, 0x00000000d5580000)
  object space 1254400K, 99% used [0x0000000080000000,0x00000000cc881318,0x00000000cc900000)
 Metaspace       used 69592K, committed 71232K, reserved 1114112K
  class space    used 7109K, committed 7808K, reserved 1048576K
}
Event: 29.561 GC heap after
{Heap after GC invocations=1986 (full 3):
 PSYoungGen      total 13824K, used 576K [0x00000000d5580000, 0x00000000d6680000, 0x0000000100000000)
  eden space 10240K, 0% used [0x00000000d5580000,0x00000000d5580000,0x00000000d5f80000)
  from space 3584K, 16% used [0x00000000d6100000,0x00000000d6190000,0x00000000d6480000)
  to   space 1536K, 0% used [0x00000000d6500000,0x00000000d6500000,0x00000000d6680000)
 ParOldGen       total 1255936K, used 1255326K [0x0000000080000000, 0x00000000cca80000, 0x00000000d5580000)
  object space 1255936K, 99% used [0x0000000080000000,0x00000000cc9e7a98,0x00000000cca80000)
 Metaspace       used 69592K, committed 71232K, reserved 1114112K
  class space    used 7109K, committed 7808K, reserved 1048576K
}
Event: 29.592 GC heap before
{Heap before GC invocations=1987 (full 3):
 PSYoungGen      total 13824K, used 8624K [0x00000000d5580000, 0x00000000d6680000, 0x0000000100000000)
  eden space 10240K, 78% used [0x00000000d5580000,0x00000000d5d5c298,0x00000000d5f80000)
  from space 3584K, 16% used [0x00000000d6100000,0x00000000d6190000,0x00000000d6480000)
  to   space 1536K, 0% used [0x00000000d6500000,0x00000000d6500000,0x00000000d6680000)
 ParOldGen       total 1255936K, used 1255326K [0x0000000080000000, 0x00000000cca80000, 0x00000000d5580000)
  object space 1255936K, 99% used [0x0000000080000000,0x00000000cc9e7a98,0x00000000cca80000)
 Metaspace       used 69606K, committed 71296K, reserved 1114112K
  class space    used 7110K, committed 7808K, reserved 1048576K
}
Event: 29.595 GC heap after
{Heap after GC invocations=1987 (full 3):
 PSYoungGen      total 10752K, used 320K [0x00000000d5580000, 0x00000000d6580000, 0x0000000100000000)
  eden space 10240K, 0% used [0x00000000d5580000,0x00000000d5580000,0x00000000d5f80000)
  from space 512K, 62% used [0x00000000d6500000,0x00000000d6550000,0x00000000d6580000)
  to   space 1024K, 0% used [0x00000000d6380000,0x00000000d6380000,0x00000000d6480000)
 ParOldGen       total 1261568K, used 1260898K [0x0000000080000000, 0x00000000cd000000, 0x00000000d5580000)
  object space 1261568K, 99% used [0x0000000080000000,0x00000000ccf58a48,0x00000000cd000000)
 Metaspace       used 69606K, committed 71296K, reserved 1114112K
  class space    used 7110K, committed 7808K, reserved 1048576K
}

